> zilf -ws ZIL0210 sampler.zil
ZILF 0.8 built 24/04/2019 07:48:55
Sampler ZORK I: The Great Underground Empire
[warning MDL0417] D:\Alex\Documents\Projects\ZILF\Learning ZIL\The ZIL Files\infocom-sampler\MISC.zil:524: ROUTINE: only
 3 routine arguments allowed in V3, so last 2 "OPT" arguments will never be passed
  in INSERT-FILE called at sampler.zil:17
  in IFILE called at sampler.zil:28
[warning ZIL0208] D:\Alex\Documents\Projects\ZILF\Learning ZIL\The ZIL Files\infocom-sampler\SYNTAX.zil:229: preaction r
outine mismatch for 'V?ZAP': using PRE-ZAP as before
[warning ZIL0208] D:\Alex\Documents\Projects\ZILF\Learning ZIL\The ZIL Files\infocom-sampler\SYNTAX.zil:476: preaction r
outine mismatch for 'V?PUT-UNDER': using no preaction routine as before
[warning ZIL0504] D:\Alex\Documents\Projects\ZILF\Learning ZIL\The ZIL Files\infocom-sampler\PARSER.zil:244: treating SE
T to 0 as true here
[warning ZIL0204] D:\Alex\Documents\Projects\ZILF\Learning ZIL\The ZIL Files\infocom-sampler\VERBS.zil:1547: no such loc
al variable 'CROC-STR', using the global instead
[warning ZIL0502] D:\Alex\Documents\Projects\ZILF\Learning ZIL\The ZIL Files\infocom-sampler\VERBS.zil:2006: RETURN valu
e ignored: PROG/REPEAT block is in void context
[warning ZIL0502] D:\Alex\Documents\Projects\ZILF\Learning ZIL\The ZIL Files\infocom-sampler\ACTIONS.zil:1068: RETURN va
lue ignored: PROG/REPEAT block is in void context
32 warnings (25 suppressed)

> zapf sampler.zap
ZAPF 0.8
Reading sampler.zap
Reading sampler_freq.xzap
Reading sampler_data.zap
Reading sampler_str.zap
Measuring..
Assembling
Wrote 126422 bytes to sampler.z3
