> zilf -ws ZIL0210 sorcerer.zil
ZILF 0.8 built 24/04/2019 07:48:55

 *** SORCERER: Interlogic Fantasy ***

[warning MDL0417] D:\Alex\Documents\Projects\ZILF\Learning ZIL\The ZIL Files\sorcerer\MISC.zil:546: ROUTINE: only 3 routine arguments allowed in V3, so last 2 "OPT" arguments will never be passed
  in INSERT-FILE called at sorcerer.zil:27
[warning ZIL0202] D:\Alex\Documents\Projects\ZILF\Learning ZIL\The ZIL Files\sorcerer\GLOBALS.zil:294: mentioned object 'LOCAL-OBJECTS' is never defined
[warning ZIL0208] D:\Alex\Documents\Projects\ZILF\Learning ZIL\The ZIL Files\sorcerer\SYNTAX.zil:427: preaction routine mismatch for 'V?BOARD': using PRE-BOARD as before
[warning ZIL0208] D:\Alex\Documents\Projects\ZILF\Learning ZIL\The ZIL Files\sorcerer\SYNTAX.zil:428: preaction routine mismatch for 'V?BOARD': using PRE-BOARD as before
[warning ZIL0208] D:\Alex\Documents\Projects\ZILF\Learning ZIL\The ZIL Files\sorcerer\SYNTAX.zil:431: preaction routine mismatch for 'V?BOARD': using PRE-BOARD as before
[warning ZIL0208] D:\Alex\Documents\Projects\ZILF\Learning ZIL\The ZIL Files\sorcerer\SYNTAX.zil:432: preaction routine mismatch for 'V?BOARD': using PRE-BOARD as before
[warning ZIL0208] D:\Alex\Documents\Projects\ZILF\Learning ZIL\The ZIL Files\sorcerer\SYNTAX.zil:435: preaction routine mismatch for 'V?BOARD': using PRE-BOARD as before
[warning ZIL0208] D:\Alex\Documents\Projects\ZILF\Learning ZIL\The ZIL Files\sorcerer\SYNTAX.zil:436: preaction routine mismatch for 'V?BOARD': using PRE-BOARD as before
[warning ZIL0504] D:\Alex\Documents\Projects\ZILF\Learning ZIL\The ZIL Files\sorcerer\GPARSER.zil:325: treating SET to 0 as true here
[warning ZIL0502] D:\Alex\Documents\Projects\ZILF\Learning ZIL\The ZIL Files\sorcerer\VERBS.zil:2704: RETURN value ignored: PROG/REPEAT block is in void context
23 warnings (13 suppressed)

> zapf sorcerer.zap
ZAPF 0.8
Reading sorcerer.zap
Reading sorcerer_freq.xzap
Reading sorcerer_data.zap
Reading sorcerer_str.zap
Measuring..
Assembling
Wrote 110778 bytes to sorcerer.z3
