> zilf -ws ZIL0210 zork1.zil
ZILF 0.8 built 24/04/2019 07:48:55
Renovated ZORK I: The Great Underground Empire
[warning ZIL0410] D:\Alex\Documents\Projects\ZILF\Learning ZIL\The ZIL Files\zork1-gold\DUNGEON.zil:1010: ZSCII 9 (tab) cannot be safely printed in Z-machine version 5
[warning ZIL0410] D:\Alex\Documents\Projects\ZILF\Learning ZIL\The ZIL Files\zork1-gold\DUNGEON.zil:1072: ZSCII 9 (tab) cannot be safely printed in Z-machine version 5
26 warnings (24 suppressed)

> zapf zork1.zap
ZAPF 0.8
Reading zork1.zap
Reading zork1_freq.xzap
Reading zork1_data.zap
Reading zork1_str.zap
Measuring
Restarting
Reading zork1.zap
Reading zork1_freq.xzap
Reading zork1_data.zap
Reading zork1_str.zap
Measuring..
Assembling
Wrote 105468 bytes to zork1.z5
