> zilf -ws ZIL0210 z6.zil
ZILF 0.8 built 24/04/2019 07:48:55

*** MAGE: Interactive Fantasy ***
[warning ZIL0208] D:\Alex\Documents\Projects\ZILF\Learning ZIL\The ZIL Files\spellbreaker\SYNTAX.zil:101: preaction routine mismatch for 'V?BOARD': using PRE-BOARD as before
[warning ZIL0208] D:\Alex\Documents\Projects\ZILF\Learning ZIL\The ZIL Files\spellbreaker\SYNTAX.zil:227: preaction routine mismatch for 'V?BOARD': using PRE-BOARD as before
[warning ZIL0208] D:\Alex\Documents\Projects\ZILF\Learning ZIL\The ZIL Files\spellbreaker\SYNTAX.zil:418: preaction routine mismatch for 'V?BOARD': using PRE-BOARD as before
[warning ZIL0208] D:\Alex\Documents\Projects\ZILF\Learning ZIL\The ZIL Files\spellbreaker\SYNTAX.zil:419: preaction routine mismatch for 'V?BOARD': using PRE-BOARD as before
[warning ZIL0208] D:\Alex\Documents\Projects\ZILF\Learning ZIL\The ZIL Files\spellbreaker\SYNTAX.zil:422: preaction routine mismatch for 'V?BOARD': using PRE-BOARD as before
[warning ZIL0208] D:\Alex\Documents\Projects\ZILF\Learning ZIL\The ZIL Files\spellbreaker\SYNTAX.zil:423: preaction routine mismatch for 'V?BOARD': using PRE-BOARD as before
[warning ZIL0208] D:\Alex\Documents\Projects\ZILF\Learning ZIL\The ZIL Files\spellbreaker\SYNTAX.zil:426: preaction routine mismatch for 'V?BOARD': using PRE-BOARD as before
[warning ZIL0208] D:\Alex\Documents\Projects\ZILF\Learning ZIL\The ZIL Files\spellbreaker\SYNTAX.zil:427: preaction routine mismatch for 'V?BOARD': using PRE-BOARD as before
[warning ZIL0208] D:\Alex\Documents\Projects\ZILF\Learning ZIL\The ZIL Files\spellbreaker\SYNTAX.zil:539: preaction routine mismatch for 'V?BOARD': using PRE-BOARD as before
[warning ZIL0504] D:\Alex\Documents\Projects\ZILF\Learning ZIL\The ZIL Files\spellbreaker\PARSER.zil:360: treating SET to 0 as true here
48 warnings (38 suppressed)

> zapf z6.zap
ZAPF 0.8
Reading z6.zap
Reading z6_freq.xzap
Reading z6_data.zap
Reading z6_str.zap
Measuring..
Assembling
Wrote 128690 bytes to z6.z3
