> zilf -ws ZIL0210 infidel.zil
ZILF 0.8 built 24/04/2019 07:48:55
INFIDEL: Interlogic Adventure Fiction
[warning MDL0417] D:\Alex\Documents\Projects\ZILF\Learning ZIL\The ZIL Files\infidel\CLOCK.zil:32: ROUTINE: only 3 routi
ne arguments allowed in V3, so last 2 "OPT" arguments will never be passed
  in INSERT-FILE called at infidel.zil:28
  in IFILE called at infidel.zil:46
INFIDEL: Interlogic Adventure Fiction







Get ready![warning ZIL0202] D:\Alex\Documents\Projects\ZILF\Learning ZIL\The ZIL Files\infidel\TEMPLE.zil:118: mentioned object 'TABLE' is never defined
[warning ZIL0202] D:\Alex\Documents\Projects\ZILF\Learning ZIL\The ZIL Files\infidel\GLOBALS.zil:265: mentioned object 'TOP-OF-STAIRWAY' is never defined
[warning ZIL0202] D:\Alex\Documents\Projects\ZILF\Learning ZIL\The ZIL Files\infidel\GLOBALS.zil:210: mentioned object 'GLOBALS' is never defined
[warning ZIL0208] D:\Alex\Documents\Projects\ZILF\Learning ZIL\The ZIL Files\infidel\SYNTAX.zil:494: preaction routine mismatch for 'V?PUSH-TO': using PRE-PUSH-TO as before
[warning ZIL0208] D:\Alex\Documents\Projects\ZILF\Learning ZIL\The ZIL Files\infidel\SYNTAX.zil:495: preaction routine mismatch for 'V?PUSH-TO': using PRE-PUSH-TO as before
[warning ZIL0504] D:\Alex\Documents\Projects\ZILF\Learning ZIL\The ZIL Files\infidel\PARSER.zil:230: treating SET to 0 as true here
[warning ZIL0502] D:\Alex\Documents\Projects\ZILF\Learning ZIL\The ZIL Files\infidel\VERBS.zil:154: RETURN value ignored: PROG/REPEAT block is in void context
[warning ZIL0502] D:\Alex\Documents\Projects\ZILF\Learning ZIL\The ZIL Files\infidel\VERBS.zil:173: RETURN value ignored: PROG/REPEAT block is in void context
[warning ZIL0204] D:\Alex\Documents\Projects\ZILF\Learning ZIL\The ZIL Files\infidel\VERBS.zil:1885: no such local variable 'CROC-STR', using the global instead
23 warnings (13 suppressed)

> zapf infidel.zap
ZAPF 0.8
Reading infidel.zap
Reading infidel_freq.xzap
Reading infidel_data.zap
Reading infidel_str.zap
Measuring..
Assembling
Wrote 93382 bytes to infidel.z3
