> zilf -ws ZIL0210 s5.zil
ZILF 0.8 built 24/04/2019 07:48:55

 *** A MIND FOREVER VOYAGING: Interactive Science Fiction (Extended) ***

[warning ZIL0208] D:\Alex\Documents\Projects\ZILF\Learning ZIL\The ZIL Files\amfv\SYNTAX.zil:338: preaction routine mismatch for 'V?BOARD': using PRE-BOARD as before
[warning ZIL0208] D:\Alex\Documents\Projects\ZILF\Learning ZIL\The ZIL Files\amfv\SYNTAX.zil:339: preaction routine mismatch for 'V?BOARD': using PRE-BOARD as before
[warning ZIL0208] D:\Alex\Documents\Projects\ZILF\Learning ZIL\The ZIL Files\amfv\SYNTAX.zil:475: preaction routine mismatch for 'V?BOARD': using PRE-BOARD as before
[warning ZIL0208] D:\Alex\Documents\Projects\ZILF\Learning ZIL\The ZIL Files\amfv\SYNTAX.zil:476: preaction routine mismatch for 'V?BOARD': using PRE-BOARD as before
[warning ZIL0504] D:\Alex\Documents\Projects\ZILF\Learning ZIL\The ZIL Files\amfv\PARSER.zil:342: treating SET to 0 as true here
[warning ZIL0502] D:\Alex\Documents\Projects\ZILF\Learning ZIL\The ZIL Files\amfv\VERBS.zil:2659: RETURN value ignored: PROG/REPEAT block is in void context
25 warnings (19 suppressed)

> zapf s5.zap
ZAPF 0.8
Reading s5.zap
Reading s5_freq.xzap
Reading s5_data.zap
Reading s5_str.zap
Measuring
Restarting
Reading s5.zap
Reading s5_freq.xzap
Reading s5_data.zap
Reading s5_str.zap
Measuring..
Assembling
Wrote 260752 bytes to s5.z4
