> zilf -ws ZIL0210 tr.zil
ZILF 0.8 built 01/05/2019 07:10:03

TRINITY: Interactive Fiction PLUS
[warning ZIL0208] SYNTAX.zil:270: preaction routine mismatch for 'V?EXAMINE': using PRE-EXAMINE as before
[warning ZIL0507] THINGS.zil:17639: COND: condition is always true
22 warnings (20 suppressed)

> zapf tr.zap
ZAPF 0.8
Reading tr.zap
Reading tr_freq.xzap
Reading tr_data.zap
Reading tr_str.zap
Measuring
Restarting
Reading tr.zap
Reading tr_freq.xzap
Reading tr_data.zap
Reading tr_str.zap
Measuring..
Assembling
Wrote 262092 bytes to tr.z4
