> zilf -ws ZIL0210 wishbringer.zil
ZILF 0.8 built 29/04/2019 06:35:36

WISHBRINGER: The Magick Stone of Dreams

[warning ZIL0504] D:\Alex\Documents\Projects\ZILF\Learning ZIL\The ZIL Files\wishbringer-gold\PARSER.zil:287: treating SET to 0 as true here
21 warnings (20 suppressed)

> zapf wishbringer.zap
ZAPF 0.8
Reading wishbringer.zap
Reading wishbringer_freq.zap
Reading wishbringer_data.zap
Reading wishbringer_str.zap
Measuring
Restarting
Reading wishbringer.zap
Reading wishbringer_freq.zap
Reading wishbringer_data.zap
Reading wishbringer_str.zap
Measuring..
Assembling
Wrote 173236 bytes to wishbringer.z5
